Build started 6/9/2015 8:48:11 AM.
     1>Project "C:\Programming\ApplicationFramework\ApplicationFramework\ApplicationFramework.vcxproj" on node 2 (build target(s)).
     1>InitializeBuildStatus:
         Creating "Debug\ApplicationFramework.unsuccessfulbuild" because "AlwaysCreate" was specified.
       GenerateTargetFrameworkMonikerAttribute:
       Skipping target "GenerateTargetFrameworkMonikerAttribute" because all output files are up-to-date with respect to the input files.
       ClCompile:
         All outputs are up-to-date.
         C:\Program Files\Microsoft Visual Studio 10.0\VC\bin\CL.exe /c /I"C:\opengl-wrappers\glfw\include" /I"C:\opengl-wrappers\glew\include" /AI"C:\Program Files\Reference Assemblies\Microsoft\Framework\.NETFramework\v4.0" /Zi /clr /nologo /W3 /WX- /Od /Oy- /D WIN32 /D _DEBUG /D _CONSOLE /D _LIB /D GLEW_STATIC /D _UNICODE /D UNICODE /EHa /MDd /GS /fp:precise /Zc:wchar_t /Zc:forScope /Yu"StdAfx.h" /Fp"Debug\ApplicationFramework.pch" /Fo"Debug\\" /Fd"Debug\vc100.pdb" /TP /FU"C:\Program Files\Reference Assemblies\Microsoft\Framework\.NETFramework\v4.0\System.Core.dll" /FU"C:\Program Files\Reference Assemblies\Microsoft\Framework\.NETFramework\v4.0\System.Data.dll" /FU"C:\Program Files\Reference Assemblies\Microsoft\Framework\.NETFramework\v4.0\System.dll" /FU"C:\Program Files\Reference Assemblies\Microsoft\Framework\.NETFramework\v4.0\System.Drawing.dll" /FU"C:\Program Files\Reference Assemblies\Microsoft\Framework\.NETFramework\v4.0\System.Windows.Forms.dll" /FU"C:\Program Files\Reference Assemblies\Microsoft\Framework\.NETFramework\v4.0\System.Xml.dll" /analyze- /errorReport:prompt Source\Mesh.cpp /clr:nostdlib 
         Mesh.cpp
     1>Source\Mesh.cpp(12): warning C4800: 'void *' : forcing value to bool 'true' or 'false' (performance warning)
         All outputs are up-to-date.
       ResourceCompile:
         All outputs are up-to-date.
       Link:
         C:\Program Files\Microsoft Visual Studio 10.0\VC\bin\link.exe /ERRORREPORT:PROMPT /OUT:"C:\Programming\ApplicationFramework\Debug\ApplicationFramework.exe" /INCREMENTAL /NOLOGO /LIBPATH:"C:\opengl-wrappers\glfw\lib" /LIBPATH:"C:\opengl-wrappers\glew\lib\Release\Win32" opengl32.lib glu32.lib glew32s.lib glfw3.lib kernel32.lib user32.lib gdi32.lib winspool.lib comdlg32.lib advapi32.lib shell32.lib ole32.lib oleaut32.lib uuid.lib odbc32.lib odbccp32.lib /NODEFAULTLIB:LIBCMT.lib /MANIFEST /ManifestFile:"Debug\ApplicationFramework.exe.intermediate.manifest" /MANIFESTUAC:"level='asInvoker' uiAccess='false'" /DEBUG /PDB:"C:\Programming\ApplicationFramework\Debug\ApplicationFramework.pdb" /ASSEMBLYDEBUG /TLBID:1 /DYNAMICBASE /FIXED:NO /NXCOMPAT /MACHINE:X86 Debug\app.res
         Debug\AssemblyInfo.obj
         Debug\ApplicationFramework.obj
         Debug\AppWindow.obj
         Debug\Main.obj
         Debug\Mesh.obj
         Debug\Model.obj
         Debug\Shader.obj
         Debug\Volume.obj
         Debug\stdafx.obj
         "Debug\.NETFramework,Version=v4.0.AssemblyAttributes.obj"
     1>Model.obj : warning LNK4248: unresolved typeref token (01000017) for 'GLFWwindow'; image may not run
     1>AppWindow.obj : warning LNK4248: unresolved typeref token (01000017) for 'GLFWwindow'; image may not run
     1>AppWindow.obj : warning LNK4248: unresolved typeref token (0100001C) for 'GLFWmonitor'; image may not run
     1>glew32s.lib(glew.obj) : warning LNK4099: PDB 'vc120.pdb' was not found with 'glew32s.lib(glew.obj)' or at 'C:\Programming\ApplicationFramework\Debug\vc120.pdb'; linking object as if no debug info
         ApplicationFramework.vcxproj -> C:\Programming\ApplicationFramework\Debug\ApplicationFramework.exe
       Manifest:
         C:\Program Files\Microsoft SDKs\Windows\v7.0A\bin\mt.exe /nologo /verbose /outputresource:"C:\Programming\ApplicationFramework\Debug\ApplicationFramework.exe;#1" /manifest Debug\ApplicationFramework.exe.intermediate.manifest
       FinalizeBuildStatus:
         Deleting file "Debug\ApplicationFramework.unsuccessfulbuild".
         Touching "Debug\ApplicationFramework.lastbuildstate".
     1>Done Building Project "C:\Programming\ApplicationFramework\ApplicationFramework\ApplicationFramework.vcxproj" (build target(s)).

Build succeeded.

Time Elapsed 00:00:23.52
