Build started 5/18/2015 6:07:30 PM.
     1>Project "C:\Programming\ApplicationFramework\ApplicationFramework\ApplicationFramework.vcxproj" on node 2 (build target(s)).
     1>PrepareForBuild:
         Creating directory "C:\Programming\ApplicationFramework\Release\".
       InitializeBuildStatus:
         Creating "Release\ApplicationFramework.unsuccessfulbuild" because "AlwaysCreate" was specified.
       GenerateTargetFrameworkMonikerAttribute:
       Skipping target "GenerateTargetFrameworkMonikerAttribute" because all output files are up-to-date with respect to the input files.
       ClCompile:
         C:\Program Files\Microsoft Visual Studio 10.0\VC\bin\CL.exe /c /AI"C:\Program Files\Reference Assemblies\Microsoft\Framework\.NETFramework\v4.0" /Zi /clr /nologo /W3 /WX- /O2 /Oy- /D WIN32 /D NDEBUG /D _UNICODE /D UNICODE /EHa /MD /GS /fp:precise /Zc:wchar_t /Zc:forScope /Yc"StdAfx.h" /Fp"Release\ApplicationFramework.pch" /Fo"Release\\" /Fd"Release\vc100.pdb" /TP /FU"C:\Program Files\Reference Assemblies\Microsoft\Framework\.NETFramework\v4.0\System.Core.dll" /FU"C:\Program Files\Reference Assemblies\Microsoft\Framework\.NETFramework\v4.0\System.Data.dll" /FU"C:\Program Files\Reference Assemblies\Microsoft\Framework\.NETFramework\v4.0\System.dll" /FU"C:\Program Files\Reference Assemblies\Microsoft\Framework\.NETFramework\v4.0\System.Xml.dll" /analyze- /errorReport:prompt stdafx.cpp /clr:nostdlib 
         stdafx.cpp
         C:\Program Files\Microsoft Visual Studio 10.0\VC\bin\CL.exe /c /AI"C:\Program Files\Reference Assemblies\Microsoft\Framework\.NETFramework\v4.0" /Zi /clr /nologo /W3 /WX- /O2 /Oy- /D WIN32 /D NDEBUG /D _UNICODE /D UNICODE /EHa /MD /GS /fp:precise /Zc:wchar_t /Zc:forScope /Yu"StdAfx.h" /Fp"Release\ApplicationFramework.pch" /Fo"Release\\" /Fd"Release\vc100.pdb" /TP /FU"C:\Program Files\Reference Assemblies\Microsoft\Framework\.NETFramework\v4.0\System.Core.dll" /FU"C:\Program Files\Reference Assemblies\Microsoft\Framework\.NETFramework\v4.0\System.Data.dll" /FU"C:\Program Files\Reference Assemblies\Microsoft\Framework\.NETFramework\v4.0\System.dll" /FU"C:\Program Files\Reference Assemblies\Microsoft\Framework\.NETFramework\v4.0\System.Xml.dll" /analyze- /errorReport:prompt AssemblyInfo.cpp Source\ApplicationFramework.cpp Source\Main.cpp /clr:nostdlib 
         AssemblyInfo.cpp
         ApplicationFramework.cpp
         Main.cpp
         Generating Code...
         C:\Program Files\Microsoft Visual Studio 10.0\VC\bin\CL.exe /c /Zi /clr /nologo /W3 /WX- /O2 /Oy- /D WIN32 /D NDEBUG /D _UNICODE /D UNICODE /EHa /MD /GS /fp:precise /Zc:wchar_t /Zc:forScope /Fo"Release\\" /Fd"Release\vc100.pdb" /TP /analyze- /errorReport:prompt "C:\Users\Iggy\AppData\Local\Temp\.NETFramework,Version=v4.0.AssemblyAttributes.cpp"
         .NETFramework,Version=v4.0.AssemblyAttributes.cpp
       ResourceCompile:
         C:\Program Files\Microsoft SDKs\Windows\v7.0A\bin\rc.exe /D _UNICODE /D UNICODE /l"0x0409" /nologo /fo"Release\app.res" app.rc 
       Link:
         C:\Program Files\Microsoft Visual Studio 10.0\VC\bin\link.exe /ERRORREPORT:PROMPT /OUT:"C:\Programming\ApplicationFramework\Release\ApplicationFramework.exe" /INCREMENTAL:NO /NOLOGO /MANIFEST /ManifestFile:"Release\ApplicationFramework.exe.intermediate.manifest" /MANIFESTUAC:"level='asInvoker' uiAccess='false'" /DEBUG /PDB:"C:\Programming\ApplicationFramework\Release\ApplicationFramework.pdb" /TLBID:1 /DYNAMICBASE /FIXED:NO /NXCOMPAT /MACHINE:X86 Release\app.res
         Release\AssemblyInfo.obj
         Release\ApplicationFramework.obj
         Release\Main.obj
         Release\stdafx.obj
         "Release\.NETFramework,Version=v4.0.AssemblyAttributes.obj"
         ApplicationFramework.vcxproj -> C:\Programming\ApplicationFramework\Release\ApplicationFramework.exe
       Manifest:
         C:\Program Files\Microsoft SDKs\Windows\v7.0A\bin\mt.exe /nologo /verbose /outputresource:"C:\Programming\ApplicationFramework\Release\ApplicationFramework.exe;#1" /manifest Release\ApplicationFramework.exe.intermediate.manifest
       FinalizeBuildStatus:
         Deleting file "Release\ApplicationFramework.unsuccessfulbuild".
         Touching "Release\ApplicationFramework.lastbuildstate".
     1>Done Building Project "C:\Programming\ApplicationFramework\ApplicationFramework\ApplicationFramework.vcxproj" (build target(s)).

Build succeeded.

Time Elapsed 00:00:05.77
